c:\users\kst\desktop\samplescreen\samplescreen\debug\samplescreen.pch.codeanalysis
c:\users\kst\desktop\samplescreen\samplescreen\debug\vc140.pdb
c:\users\kst\desktop\samplescreen\samplescreen\debug\vc140.idb
c:\users\kst\desktop\samplescreen\samplescreen\debug\samplescreen.pch.codeanalysisast
c:\users\kst\desktop\samplescreen\samplescreen\debug\stdafx.nativecodeanalysis.xml
c:\users\kst\desktop\samplescreen\samplescreen\debug\stdafx.obj
c:\users\kst\desktop\samplescreen\samplescreen\debug\samplescreen.pch
c:\users\kst\desktop\samplescreen\samplescreen\debug\screenbutton.nativecodeanalysis.xml
c:\users\kst\desktop\samplescreen\samplescreen\debug\screenbase.nativecodeanalysis.xml
c:\users\kst\desktop\samplescreen\samplescreen\debug\samplescreen.nativecodeanalysis.xml
c:\users\kst\desktop\samplescreen\samplescreen\debug\samplescreendlg.nativecodeanalysis.xml
c:\users\kst\desktop\samplescreen\samplescreen\debug\screenhead.nativecodeanalysis.xml
c:\users\kst\desktop\samplescreen\samplescreen\debug\screenhead.obj
c:\users\kst\desktop\samplescreen\samplescreen\debug\samplescreendlg.obj
c:\users\kst\desktop\samplescreen\samplescreen\debug\samplescreen.obj
c:\users\kst\desktop\samplescreen\samplescreen\debug\screenbase.obj
c:\users\kst\desktop\samplescreen\samplescreen\debug\screenbutton.obj
c:\users\kst\desktop\samplescreen\samplescreen\debug\screenview.obj
c:\users\kst\desktop\samplescreen\debug\samplescreen.ilk
c:\users\kst\desktop\samplescreen\debug\samplescreen.exe
c:\users\kst\desktop\samplescreen\debug\samplescreen.pdb
c:\users\kst\desktop\samplescreen\samplescreen\debug\samplescreen.res
c:\users\kst\desktop\samplescreen\samplescreen\debug\samplescreen.tlog\cl.command.1.tlog
c:\users\kst\desktop\samplescreen\samplescreen\debug\samplescreen.tlog\cl.read.1.tlog
c:\users\kst\desktop\samplescreen\samplescreen\debug\samplescreen.tlog\cl.write.1.tlog
c:\users\kst\desktop\samplescreen\samplescreen\debug\samplescreen.tlog\link.command.1.tlog
c:\users\kst\desktop\samplescreen\samplescreen\debug\samplescreen.tlog\link.read.1.tlog
c:\users\kst\desktop\samplescreen\samplescreen\debug\samplescreen.tlog\link.write.1.tlog
c:\users\kst\desktop\samplescreen\samplescreen\debug\samplescreen.tlog\rc.command.1.tlog
c:\users\kst\desktop\samplescreen\samplescreen\debug\samplescreen.tlog\rc.read.1.tlog
c:\users\kst\desktop\samplescreen\samplescreen\debug\samplescreen.tlog\rc.write.1.tlog
